<?xml version="1.0" encoding="UTF-8"?>
<testng-results ignored="0" total="34" passed="34" failed="0" skipped="0">
  <reporter-output>
  </reporter-output>
  <suite started-at="2023-04-27T17:49:44 EET" name="Default suite" finished-at="2023-04-27T17:51:52 EET" duration-ms="128201">
    <groups>
      <group name="cucumber">
        <method signature="AbstractTestNGCucumberTests.runScenario(io.cucumber.testng.PickleWrapper,io.cucumber.testng.FeatureWrapper)[pri:0, instance:testrunner.TestRunner@2e6a8155]" name="runScenario" class="io.cucumber.testng.AbstractTestNGCucumberTests"/>
      </group> <!-- cucumber -->
    </groups>
    <test started-at="2023-04-27T17:49:44 EET" name="Default test" finished-at="2023-04-27T17:51:52 EET" duration-ms="128201">
      <class name="testrunner.TestRunner">
        <test-method is-config="true" signature="setUpClass(org.testng.ITestContext)[pri:0, instance:testrunner.TestRunner@2e6a8155]" started-at="2023-04-27T17:49:44 EET" name="setUpClass" finished-at="2023-04-27T17:49:45 EET" duration-ms="690" status="PASS">
          <params>
            <param index="0">
              <value>
                <![CDATA[org.testng.TestRunner@7cad6289]]>
              </value>
            </param>
          </params>
          <reporter-output>
          </reporter-output>
        </test-method> <!-- setUpClass -->
        <test-method signature="runScenario(io.cucumber.testng.PickleWrapper,io.cucumber.testng.FeatureWrapper)[pri:0, instance:testrunner.TestRunner@2e6a8155]" started-at="2023-04-27T17:49:45 EET" name="runScenario" description="Runs Cucumber Scenarios" data-provider="scenarios" finished-at="2023-04-27T17:49:49 EET" duration-ms="4249" status="PASS">
          <params>
            <param index="0">
              <value>
                <![CDATA["test the continue shopping btn"]]>
              </value>
            </param>
            <param index="1">
              <value>
                <![CDATA["test the cart functionality"]]>
              </value>
            </param>
          </params>
          <reporter-output>
          </reporter-output>
        </test-method> <!-- runScenario -->
        <test-method signature="runScenario(io.cucumber.testng.PickleWrapper,io.cucumber.testng.FeatureWrapper)[pri:0, instance:testrunner.TestRunner@2e6a8155]" started-at="2023-04-27T17:49:49 EET" name="runScenario" description="Runs Cucumber Scenarios" data-provider="scenarios" finished-at="2023-04-27T17:49:53 EET" duration-ms="4170" status="PASS">
          <params>
            <param index="0">
              <value>
                <![CDATA["test the remove product btn"]]>
              </value>
            </param>
            <param index="1">
              <value>
                <![CDATA["test the cart functionality"]]>
              </value>
            </param>
          </params>
          <reporter-output>
          </reporter-output>
        </test-method> <!-- runScenario -->
        <test-method signature="runScenario(io.cucumber.testng.PickleWrapper,io.cucumber.testng.FeatureWrapper)[pri:0, instance:testrunner.TestRunner@2e6a8155]" started-at="2023-04-27T17:49:53 EET" name="runScenario" description="Runs Cucumber Scenarios" data-provider="scenarios" finished-at="2023-04-27T17:49:56 EET" duration-ms="3105" status="PASS">
          <params>
            <param index="0">
              <value>
                <![CDATA["test the checkout  btn"]]>
              </value>
            </param>
            <param index="1">
              <value>
                <![CDATA["test the cart functionality"]]>
              </value>
            </param>
          </params>
          <reporter-output>
          </reporter-output>
        </test-method> <!-- runScenario -->
        <test-method signature="runScenario(io.cucumber.testng.PickleWrapper,io.cucumber.testng.FeatureWrapper)[pri:0, instance:testrunner.TestRunner@2e6a8155]" started-at="2023-04-27T17:49:56 EET" name="runScenario" description="Runs Cucumber Scenarios" data-provider="scenarios" finished-at="2023-04-27T17:49:59 EET" duration-ms="3095" status="PASS">
          <params>
            <param index="0">
              <value>
                <![CDATA["test the cancel btn"]]>
              </value>
            </param>
            <param index="1">
              <value>
                <![CDATA["test the checkout page functionality"]]>
              </value>
            </param>
          </params>
          <reporter-output>
          </reporter-output>
        </test-method> <!-- runScenario -->
        <test-method signature="runScenario(io.cucumber.testng.PickleWrapper,io.cucumber.testng.FeatureWrapper)[pri:0, instance:testrunner.TestRunner@2e6a8155]" started-at="2023-04-27T17:49:59 EET" name="runScenario" description="Runs Cucumber Scenarios" data-provider="scenarios" finished-at="2023-04-27T17:50:04 EET" duration-ms="4287" status="PASS">
          <params>
            <param index="0">
              <value>
                <![CDATA["test the continue btn"]]>
              </value>
            </param>
            <param index="1">
              <value>
                <![CDATA["test the checkout page functionality"]]>
              </value>
            </param>
          </params>
          <reporter-output>
          </reporter-output>
        </test-method> <!-- runScenario -->
        <test-method signature="runScenario(io.cucumber.testng.PickleWrapper,io.cucumber.testng.FeatureWrapper)[pri:0, instance:testrunner.TestRunner@2e6a8155]" started-at="2023-04-27T17:50:04 EET" name="runScenario" description="Runs Cucumber Scenarios" data-provider="scenarios" finished-at="2023-04-27T17:50:07 EET" duration-ms="3529" status="PASS">
          <params>
            <param index="0">
              <value>
                <![CDATA["test the completion btn"]]>
              </value>
            </param>
            <param index="1">
              <value>
                <![CDATA["test the checkout preview page functionality"]]>
              </value>
            </param>
          </params>
          <reporter-output>
          </reporter-output>
        </test-method> <!-- runScenario -->
        <test-method signature="runScenario(io.cucumber.testng.PickleWrapper,io.cucumber.testng.FeatureWrapper)[pri:0, instance:testrunner.TestRunner@2e6a8155]" started-at="2023-04-27T17:50:07 EET" name="runScenario" description="Runs Cucumber Scenarios" data-provider="scenarios" finished-at="2023-04-27T17:50:10 EET" duration-ms="3285" status="PASS">
          <params>
            <param index="0">
              <value>
                <![CDATA["test the cancellation btn"]]>
              </value>
            </param>
            <param index="1">
              <value>
                <![CDATA["test the checkout preview page functionality"]]>
              </value>
            </param>
          </params>
          <reporter-output>
          </reporter-output>
        </test-method> <!-- runScenario -->
        <test-method signature="runScenario(io.cucumber.testng.PickleWrapper,io.cucumber.testng.FeatureWrapper)[pri:0, instance:testrunner.TestRunner@2e6a8155]" started-at="2023-04-27T17:50:10 EET" name="runScenario" description="Runs Cucumber Scenarios" data-provider="scenarios" finished-at="2023-04-27T17:50:14 EET" duration-ms="3261" status="PASS">
          <params>
            <param index="0">
              <value>
                <![CDATA["test the bacl btn"]]>
              </value>
            </param>
            <param index="1">
              <value>
                <![CDATA["test the order completion page functionality"]]>
              </value>
            </param>
          </params>
          <reporter-output>
          </reporter-output>
        </test-method> <!-- runScenario -->
        <test-method signature="runScenario(io.cucumber.testng.PickleWrapper,io.cucumber.testng.FeatureWrapper)[pri:0, instance:testrunner.TestRunner@2e6a8155]" started-at="2023-04-27T17:50:14 EET" name="runScenario" description="Runs Cucumber Scenarios" data-provider="scenarios" finished-at="2023-04-27T17:50:17 EET" duration-ms="3047" status="PASS">
          <params>
            <param index="0">
              <value>
                <![CDATA["Test the functionality pf the full website as the customer should interact normally"]]>
              </value>
            </param>
            <param index="1">
              <value>
                <![CDATA["Test the functionality pf the full website as the customer should interact normally"]]>
              </value>
            </param>
          </params>
          <reporter-output>
          </reporter-output>
        </test-method> <!-- runScenario -->
        <test-method signature="runScenario(io.cucumber.testng.PickleWrapper,io.cucumber.testng.FeatureWrapper)[pri:0, instance:testrunner.TestRunner@2e6a8155]" started-at="2023-04-27T17:50:17 EET" name="runScenario" description="Runs Cucumber Scenarios" data-provider="scenarios" finished-at="2023-04-27T17:50:19 EET" duration-ms="2270" status="PASS">
          <params>
            <param index="0">
              <value>
                <![CDATA["login with valid credentials"]]>
              </value>
            </param>
            <param index="1">
              <value>
                <![CDATA["Test the login finctionality"]]>
              </value>
            </param>
          </params>
          <reporter-output>
          </reporter-output>
        </test-method> <!-- runScenario -->
        <test-method signature="runScenario(io.cucumber.testng.PickleWrapper,io.cucumber.testng.FeatureWrapper)[pri:0, instance:testrunner.TestRunner@2e6a8155]" started-at="2023-04-27T17:50:19 EET" name="runScenario" description="Runs Cucumber Scenarios" data-provider="scenarios" finished-at="2023-04-27T17:50:21 EET" duration-ms="2270" status="PASS">
          <params>
            <param index="0">
              <value>
                <![CDATA["login with invalid credentials"]]>
              </value>
            </param>
            <param index="1">
              <value>
                <![CDATA["Test the login finctionality"]]>
              </value>
            </param>
          </params>
          <reporter-output>
          </reporter-output>
        </test-method> <!-- runScenario -->
        <test-method signature="runScenario(io.cucumber.testng.PickleWrapper,io.cucumber.testng.FeatureWrapper)[pri:0, instance:testrunner.TestRunner@2e6a8155]" started-at="2023-04-27T17:50:21 EET" name="runScenario" description="Runs Cucumber Scenarios" data-provider="scenarios" finished-at="2023-04-27T17:50:24 EET" duration-ms="2362" status="PASS">
          <params>
            <param index="0">
              <value>
                <![CDATA["login with invalid credentials"]]>
              </value>
            </param>
            <param index="1">
              <value>
                <![CDATA["Test the login finctionality"]]>
              </value>
            </param>
          </params>
          <reporter-output>
          </reporter-output>
        </test-method> <!-- runScenario -->
        <test-method signature="runScenario(io.cucumber.testng.PickleWrapper,io.cucumber.testng.FeatureWrapper)[pri:0, instance:testrunner.TestRunner@2e6a8155]" started-at="2023-04-27T17:50:24 EET" name="runScenario" description="Runs Cucumber Scenarios" data-provider="scenarios" finished-at="2023-04-27T17:50:26 EET" duration-ms="2126" status="PASS">
          <params>
            <param index="0">
              <value>
                <![CDATA["login with invalid credentials"]]>
              </value>
            </param>
            <param index="1">
              <value>
                <![CDATA["Test the login finctionality"]]>
              </value>
            </param>
          </params>
          <reporter-output>
          </reporter-output>
        </test-method> <!-- runScenario -->
        <test-method signature="runScenario(io.cucumber.testng.PickleWrapper,io.cucumber.testng.FeatureWrapper)[pri:0, instance:testrunner.TestRunner@2e6a8155]" started-at="2023-04-27T17:50:26 EET" name="runScenario" description="Runs Cucumber Scenarios" data-provider="scenarios" finished-at="2023-04-27T17:50:28 EET" duration-ms="2234" status="PASS">
          <params>
            <param index="0">
              <value>
                <![CDATA["login with invalid credentials"]]>
              </value>
            </param>
            <param index="1">
              <value>
                <![CDATA["Test the login finctionality"]]>
              </value>
            </param>
          </params>
          <reporter-output>
          </reporter-output>
        </test-method> <!-- runScenario -->
        <test-method signature="runScenario(io.cucumber.testng.PickleWrapper,io.cucumber.testng.FeatureWrapper)[pri:0, instance:testrunner.TestRunner@2e6a8155]" started-at="2023-04-27T17:50:28 EET" name="runScenario" description="Runs Cucumber Scenarios" data-provider="scenarios" finished-at="2023-04-27T17:50:30 EET" duration-ms="1932" status="PASS">
          <params>
            <param index="0">
              <value>
                <![CDATA["check login ui logo"]]>
              </value>
            </param>
            <param index="1">
              <value>
                <![CDATA["Test the login finctionality"]]>
              </value>
            </param>
          </params>
          <reporter-output>
          </reporter-output>
        </test-method> <!-- runScenario -->
        <test-method signature="runScenario(io.cucumber.testng.PickleWrapper,io.cucumber.testng.FeatureWrapper)[pri:0, instance:testrunner.TestRunner@2e6a8155]" started-at="2023-04-27T17:50:30 EET" name="runScenario" description="Runs Cucumber Scenarios" data-provider="scenarios" finished-at="2023-04-27T17:50:32 EET" duration-ms="1854" status="PASS">
          <params>
            <param index="0">
              <value>
                <![CDATA["check login ui login btb"]]>
              </value>
            </param>
            <param index="1">
              <value>
                <![CDATA["Test the login finctionality"]]>
              </value>
            </param>
          </params>
          <reporter-output>
          </reporter-output>
        </test-method> <!-- runScenario -->
        <test-method signature="runScenario(io.cucumber.testng.PickleWrapper,io.cucumber.testng.FeatureWrapper)[pri:0, instance:testrunner.TestRunner@2e6a8155]" started-at="2023-04-27T17:50:32 EET" name="runScenario" description="Runs Cucumber Scenarios" data-provider="scenarios" finished-at="2023-04-27T17:50:34 EET" duration-ms="2017" status="PASS">
          <params>
            <param index="0">
              <value>
                <![CDATA["check login ui username"]]>
              </value>
            </param>
            <param index="1">
              <value>
                <![CDATA["Test the login finctionality"]]>
              </value>
            </param>
          </params>
          <reporter-output>
          </reporter-output>
        </test-method> <!-- runScenario -->
        <test-method signature="runScenario(io.cucumber.testng.PickleWrapper,io.cucumber.testng.FeatureWrapper)[pri:0, instance:testrunner.TestRunner@2e6a8155]" started-at="2023-04-27T17:50:34 EET" name="runScenario" description="Runs Cucumber Scenarios" data-provider="scenarios" finished-at="2023-04-27T17:50:36 EET" duration-ms="1898" status="PASS">
          <params>
            <param index="0">
              <value>
                <![CDATA["check login ui password"]]>
              </value>
            </param>
            <param index="1">
              <value>
                <![CDATA["Test the login finctionality"]]>
              </value>
            </param>
          </params>
          <reporter-output>
          </reporter-output>
        </test-method> <!-- runScenario -->
        <test-method signature="runScenario(io.cucumber.testng.PickleWrapper,io.cucumber.testng.FeatureWrapper)[pri:0, instance:testrunner.TestRunner@2e6a8155]" started-at="2023-04-27T17:50:36 EET" name="runScenario" description="Runs Cucumber Scenarios" data-provider="scenarios" finished-at="2023-04-27T17:50:39 EET" duration-ms="3081" status="PASS">
          <params>
            <param index="0">
              <value>
                <![CDATA["press logout from sidebar"]]>
              </value>
            </param>
            <param index="1">
              <value>
                <![CDATA["Test side menu"]]>
              </value>
            </param>
          </params>
          <reporter-output>
          </reporter-output>
        </test-method> <!-- runScenario -->
        <test-method signature="runScenario(io.cucumber.testng.PickleWrapper,io.cucumber.testng.FeatureWrapper)[pri:0, instance:testrunner.TestRunner@2e6a8155]" started-at="2023-04-27T17:50:39 EET" name="runScenario" description="Runs Cucumber Scenarios" data-provider="scenarios" finished-at="2023-04-27T17:51:12 EET" duration-ms="33402" status="PASS">
          <params>
            <param index="0">
              <value>
                <![CDATA["press about from sidebar"]]>
              </value>
            </param>
            <param index="1">
              <value>
                <![CDATA["Test side menu"]]>
              </value>
            </param>
          </params>
          <reporter-output>
          </reporter-output>
        </test-method> <!-- runScenario -->
        <test-method signature="runScenario(io.cucumber.testng.PickleWrapper,io.cucumber.testng.FeatureWrapper)[pri:0, instance:testrunner.TestRunner@2e6a8155]" started-at="2023-04-27T17:51:12 EET" name="runScenario" description="Runs Cucumber Scenarios" data-provider="scenarios" finished-at="2023-04-27T17:51:15 EET" duration-ms="3239" status="PASS">
          <params>
            <param index="0">
              <value>
                <![CDATA["press all items from sidebar"]]>
              </value>
            </param>
            <param index="1">
              <value>
                <![CDATA["Test side menu"]]>
              </value>
            </param>
          </params>
          <reporter-output>
          </reporter-output>
        </test-method> <!-- runScenario -->
        <test-method signature="runScenario(io.cucumber.testng.PickleWrapper,io.cucumber.testng.FeatureWrapper)[pri:0, instance:testrunner.TestRunner@2e6a8155]" started-at="2023-04-27T17:51:15 EET" name="runScenario" description="Runs Cucumber Scenarios" data-provider="scenarios" finished-at="2023-04-27T17:51:18 EET" duration-ms="2987" status="PASS">
          <params>
            <param index="0">
              <value>
                <![CDATA["press reset app state from sidebar"]]>
              </value>
            </param>
            <param index="1">
              <value>
                <![CDATA["Test side menu"]]>
              </value>
            </param>
          </params>
          <reporter-output>
          </reporter-output>
        </test-method> <!-- runScenario -->
        <test-method signature="runScenario(io.cucumber.testng.PickleWrapper,io.cucumber.testng.FeatureWrapper)[pri:0, instance:testrunner.TestRunner@2e6a8155]" started-at="2023-04-27T17:51:18 EET" name="runScenario" description="Runs Cucumber Scenarios" data-provider="scenarios" finished-at="2023-04-27T17:51:21 EET" duration-ms="2268" status="PASS">
          <params>
            <param index="0">
              <value>
                <![CDATA["check UI menu side bar"]]>
              </value>
            </param>
            <param index="1">
              <value>
                <![CDATA["Test side menu"]]>
              </value>
            </param>
          </params>
          <reporter-output>
          </reporter-output>
        </test-method> <!-- runScenario -->
        <test-method signature="runScenario(io.cucumber.testng.PickleWrapper,io.cucumber.testng.FeatureWrapper)[pri:0, instance:testrunner.TestRunner@2e6a8155]" started-at="2023-04-27T17:51:21 EET" name="runScenario" description="Runs Cucumber Scenarios" data-provider="scenarios" finished-at="2023-04-27T17:51:24 EET" duration-ms="3007" status="PASS">
          <params>
            <param index="0">
              <value>
                <![CDATA["check UI about"]]>
              </value>
            </param>
            <param index="1">
              <value>
                <![CDATA["Test side menu"]]>
              </value>
            </param>
          </params>
          <reporter-output>
          </reporter-output>
        </test-method> <!-- runScenario -->
        <test-method signature="runScenario(io.cucumber.testng.PickleWrapper,io.cucumber.testng.FeatureWrapper)[pri:0, instance:testrunner.TestRunner@2e6a8155]" started-at="2023-04-27T17:51:24 EET" name="runScenario" description="Runs Cucumber Scenarios" data-provider="scenarios" finished-at="2023-04-27T17:51:27 EET" duration-ms="2835" status="PASS">
          <params>
            <param index="0">
              <value>
                <![CDATA["check UI logout"]]>
              </value>
            </param>
            <param index="1">
              <value>
                <![CDATA["Test side menu"]]>
              </value>
            </param>
          </params>
          <reporter-output>
          </reporter-output>
        </test-method> <!-- runScenario -->
        <test-method signature="runScenario(io.cucumber.testng.PickleWrapper,io.cucumber.testng.FeatureWrapper)[pri:0, instance:testrunner.TestRunner@2e6a8155]" started-at="2023-04-27T17:51:27 EET" name="runScenario" description="Runs Cucumber Scenarios" data-provider="scenarios" finished-at="2023-04-27T17:51:30 EET" duration-ms="3095" status="PASS">
          <params>
            <param index="0">
              <value>
                <![CDATA["check UI all items"]]>
              </value>
            </param>
            <param index="1">
              <value>
                <![CDATA["Test side menu"]]>
              </value>
            </param>
          </params>
          <reporter-output>
          </reporter-output>
        </test-method> <!-- runScenario -->
        <test-method signature="runScenario(io.cucumber.testng.PickleWrapper,io.cucumber.testng.FeatureWrapper)[pri:0, instance:testrunner.TestRunner@2e6a8155]" started-at="2023-04-27T17:51:30 EET" name="runScenario" description="Runs Cucumber Scenarios" data-provider="scenarios" finished-at="2023-04-27T17:51:33 EET" duration-ms="2921" status="PASS">
          <params>
            <param index="0">
              <value>
                <![CDATA["check UI reset app state"]]>
              </value>
            </param>
            <param index="1">
              <value>
                <![CDATA["Test side menu"]]>
              </value>
            </param>
          </params>
          <reporter-output>
          </reporter-output>
        </test-method> <!-- runScenario -->
        <test-method signature="runScenario(io.cucumber.testng.PickleWrapper,io.cucumber.testng.FeatureWrapper)[pri:0, instance:testrunner.TestRunner@2e6a8155]" started-at="2023-04-27T17:51:33 EET" name="runScenario" description="Runs Cucumber Scenarios" data-provider="scenarios" finished-at="2023-04-27T17:51:35 EET" duration-ms="2366" status="PASS">
          <params>
            <param index="0">
              <value>
                <![CDATA["test the A to Z name filter"]]>
              </value>
            </param>
            <param index="1">
              <value>
                <![CDATA["test inventory and in item pages"]]>
              </value>
            </param>
          </params>
          <reporter-output>
          </reporter-output>
        </test-method> <!-- runScenario -->
        <test-method signature="runScenario(io.cucumber.testng.PickleWrapper,io.cucumber.testng.FeatureWrapper)[pri:0, instance:testrunner.TestRunner@2e6a8155]" started-at="2023-04-27T17:51:35 EET" name="runScenario" description="Runs Cucumber Scenarios" data-provider="scenarios" finished-at="2023-04-27T17:51:37 EET" duration-ms="2443" status="PASS">
          <params>
            <param index="0">
              <value>
                <![CDATA["test the Z to A  name filter"]]>
              </value>
            </param>
            <param index="1">
              <value>
                <![CDATA["test inventory and in item pages"]]>
              </value>
            </param>
          </params>
          <reporter-output>
          </reporter-output>
        </test-method> <!-- runScenario -->
        <test-method signature="runScenario(io.cucumber.testng.PickleWrapper,io.cucumber.testng.FeatureWrapper)[pri:0, instance:testrunner.TestRunner@2e6a8155]" started-at="2023-04-27T17:51:37 EET" name="runScenario" description="Runs Cucumber Scenarios" data-provider="scenarios" finished-at="2023-04-27T17:51:41 EET" duration-ms="3102" status="PASS">
          <params>
            <param index="0">
              <value>
                <![CDATA["test the low to high price filter"]]>
              </value>
            </param>
            <param index="1">
              <value>
                <![CDATA["test inventory and in item pages"]]>
              </value>
            </param>
          </params>
          <reporter-output>
          </reporter-output>
        </test-method> <!-- runScenario -->
        <test-method signature="runScenario(io.cucumber.testng.PickleWrapper,io.cucumber.testng.FeatureWrapper)[pri:0, instance:testrunner.TestRunner@2e6a8155]" started-at="2023-04-27T17:51:41 EET" name="runScenario" description="Runs Cucumber Scenarios" data-provider="scenarios" finished-at="2023-04-27T17:51:43 EET" duration-ms="2485" status="PASS">
          <params>
            <param index="0">
              <value>
                <![CDATA["test the high to low price filter"]]>
              </value>
            </param>
            <param index="1">
              <value>
                <![CDATA["test inventory and in item pages"]]>
              </value>
            </param>
          </params>
          <reporter-output>
          </reporter-output>
        </test-method> <!-- runScenario -->
        <test-method signature="runScenario(io.cucumber.testng.PickleWrapper,io.cucumber.testng.FeatureWrapper)[pri:0, instance:testrunner.TestRunner@2e6a8155]" started-at="2023-04-27T17:51:43 EET" name="runScenario" description="Runs Cucumber Scenarios" data-provider="scenarios" finished-at="2023-04-27T17:51:46 EET" duration-ms="2816" status="PASS">
          <params>
            <param index="0">
              <value>
                <![CDATA["test the product name click buttons"]]>
              </value>
            </param>
            <param index="1">
              <value>
                <![CDATA["test inventory and in item pages"]]>
              </value>
            </param>
          </params>
          <reporter-output>
          </reporter-output>
        </test-method> <!-- runScenario -->
        <test-method signature="runScenario(io.cucumber.testng.PickleWrapper,io.cucumber.testng.FeatureWrapper)[pri:0, instance:testrunner.TestRunner@2e6a8155]" started-at="2023-04-27T17:51:46 EET" name="runScenario" description="Runs Cucumber Scenarios" data-provider="scenarios" finished-at="2023-04-27T17:51:49 EET" duration-ms="2818" status="PASS">
          <params>
            <param index="0">
              <value>
                <![CDATA["test the add to cart and remove buttons in products"]]>
              </value>
            </param>
            <param index="1">
              <value>
                <![CDATA["test inventory and in item pages"]]>
              </value>
            </param>
          </params>
          <reporter-output>
          </reporter-output>
        </test-method> <!-- runScenario -->
        <test-method signature="runScenario(io.cucumber.testng.PickleWrapper,io.cucumber.testng.FeatureWrapper)[pri:0, instance:testrunner.TestRunner@2e6a8155]" started-at="2023-04-27T17:51:49 EET" name="runScenario" description="Runs Cucumber Scenarios" data-provider="scenarios" finished-at="2023-04-27T17:51:52 EET" duration-ms="3554" status="PASS">
          <params>
            <param index="0">
              <value>
                <![CDATA["test the inproducts cart buttons"]]>
              </value>
            </param>
            <param index="1">
              <value>
                <![CDATA["test inventory and in item pages"]]>
              </value>
            </param>
          </params>
          <reporter-output>
          </reporter-output>
        </test-method> <!-- runScenario -->
        <test-method is-config="true" signature="tearDownClass()[pri:0, instance:testrunner.TestRunner@2e6a8155]" started-at="2023-04-27T17:51:52 EET" name="tearDownClass" finished-at="2023-04-27T17:51:52 EET" duration-ms="29" status="PASS">
          <reporter-output>
          </reporter-output>
        </test-method> <!-- tearDownClass -->
      </class> <!-- testrunner.TestRunner -->
    </test> <!-- Default test -->
  </suite> <!-- Default suite -->
</testng-results>
